<?xml version="1.0" encoding="UTF-8"?>
<testng-results skipped="0" failed="1" ignored="0" total="3" passed="2">
  <reporter-output>
  </reporter-output>
  <suite name="Default suite" duration-ms="71695" started-at="2019-03-04T02:36:04Z" finished-at="2019-03-04T02:37:16Z">
    <groups>
    </groups>
    <test name="Default test" duration-ms="71695" started-at="2019-03-04T02:36:04Z" finished-at="2019-03-04T02:37:16Z">
      <class name="com.aws.tests.HomeTest">
        <test-method status="PASS" signature="setUpTest()[pri:0, instance:com.aws.tests.HomeTest@1e88b3c]" name="setUpTest" is-config="true" duration-ms="435" started-at="2019-03-04T02:36:04Z" finished-at="2019-03-04T02:36:05Z">
          <reporter-output>
          </reporter-output>
        </test-method> <!-- setUpTest -->
        <test-method status="PASS" signature="setUp()[pri:0, instance:com.aws.tests.HomeTest@1e88b3c]" name="setUp" is-config="true" duration-ms="13836" started-at="2019-03-04T02:36:05Z" finished-at="2019-03-04T02:36:18Z">
          <reporter-output>
          </reporter-output>
        </test-method> <!-- setUp -->
        <test-method status="PASS" signature="dealsTest()[pri:1, instance:com.aws.tests.HomeTest@1e88b3c]" name="dealsTest" duration-ms="11507" started-at="2019-03-04T02:36:18Z" finished-at="2019-03-04T02:36:30Z">
          <reporter-output>
          </reporter-output>
        </test-method> <!-- dealsTest -->
        <test-method status="PASS" signature="tearDown(org.testng.ITestResult)[pri:0, instance:com.aws.tests.HomeTest@1e88b3c]" name="tearDown" is-config="true" duration-ms="1314" started-at="2019-03-04T02:36:30Z" finished-at="2019-03-04T02:36:31Z">
          <params>
            <param index="0">
              <value>
                <![CDATA[[TestResult name=dealsTest status=SUCCESS method=HomeTest.dealsTest()[pri:1, instance:com.aws.tests.HomeTest@1e88b3c] output={null}]]]>
              </value>
            </param>
          </params>
          <reporter-output>
          </reporter-output>
        </test-method> <!-- tearDown -->
        <test-method status="PASS" signature="setUp()[pri:0, instance:com.aws.tests.HomeTest@1e88b3c]" name="setUp" is-config="true" duration-ms="9846" started-at="2019-03-04T02:36:31Z" finished-at="2019-03-04T02:36:41Z">
          <reporter-output>
          </reporter-output>
        </test-method> <!-- setUp -->
        <test-method status="PASS" signature="searchTest()[pri:2, instance:com.aws.tests.HomeTest@1e88b3c]" name="searchTest" duration-ms="16559" started-at="2019-03-04T02:36:41Z" finished-at="2019-03-04T02:36:58Z">
          <reporter-output>
          </reporter-output>
        </test-method> <!-- searchTest -->
        <test-method status="PASS" signature="tearDown(org.testng.ITestResult)[pri:0, instance:com.aws.tests.HomeTest@1e88b3c]" name="tearDown" is-config="true" duration-ms="1690" started-at="2019-03-04T02:36:58Z" finished-at="2019-03-04T02:36:59Z">
          <params>
            <param index="0">
              <value>
                <![CDATA[[TestResult name=searchTest status=SUCCESS method=HomeTest.searchTest()[pri:2, instance:com.aws.tests.HomeTest@1e88b3c] output={null}]]]>
              </value>
            </param>
          </params>
          <reporter-output>
          </reporter-output>
        </test-method> <!-- tearDown -->
        <test-method status="PASS" signature="setUp()[pri:0, instance:com.aws.tests.HomeTest@1e88b3c]" name="setUp" is-config="true" duration-ms="11230" started-at="2019-03-04T02:36:59Z" finished-at="2019-03-04T02:37:11Z">
          <reporter-output>
          </reporter-output>
        </test-method> <!-- setUp -->
        <test-method status="FAIL" signature="mytestDelete()[pri:3, instance:com.aws.tests.HomeTest@1e88b3c]" name="mytestDelete" duration-ms="3" started-at="2019-03-04T02:37:11Z" finished-at="2019-03-04T02:37:11Z">
          <exception class="java.lang.AssertionError">
            <message>
              <![CDATA[expected [true] but found [false]]]>
            </message>
            <full-stacktrace>
              <![CDATA[java.lang.AssertionError: expected [true] but found [false]
at org.testng.Assert.fail(Assert.java:96)
at org.testng.Assert.failNotEquals(Assert.java:776)
at org.testng.Assert.assertTrue(Assert.java:44)
at org.testng.Assert.assertTrue(Assert.java:54)
at com.aws.tests.HomeTest.mytestDelete(HomeTest.java:47)
at sun.reflect.NativeMethodAccessorImpl.invoke0(Native Method)
at sun.reflect.NativeMethodAccessorImpl.invoke(Unknown Source)
at sun.reflect.DelegatingMethodAccessorImpl.invoke(Unknown Source)
at java.lang.reflect.Method.invoke(Unknown Source)
at org.testng.internal.MethodInvocationHelper.invokeMethod(MethodInvocationHelper.java:124)
at org.testng.internal.Invoker.invokeMethod(Invoker.java:583)
at org.testng.internal.Invoker.invokeTestMethod(Invoker.java:719)
at org.testng.internal.Invoker.invokeTestMethods(Invoker.java:989)
at org.testng.internal.TestMethodWorker.invokeTestMethods(TestMethodWorker.java:125)
at org.testng.internal.TestMethodWorker.run(TestMethodWorker.java:109)
at org.testng.TestRunner.privateRun(TestRunner.java:648)
at org.testng.TestRunner.run(TestRunner.java:505)
at org.testng.SuiteRunner.runTest(SuiteRunner.java:455)
at org.testng.SuiteRunner.runSequentially(SuiteRunner.java:450)
at org.testng.SuiteRunner.privateRun(SuiteRunner.java:415)
at org.testng.SuiteRunner.run(SuiteRunner.java:364)
at org.testng.SuiteRunnerWorker.runSuite(SuiteRunnerWorker.java:52)
at org.testng.SuiteRunnerWorker.run(SuiteRunnerWorker.java:84)
at org.testng.TestNG.runSuitesSequentially(TestNG.java:1208)
at org.testng.TestNG.runSuitesLocally(TestNG.java:1137)
at org.testng.TestNG.runSuites(TestNG.java:1049)
at org.testng.TestNG.run(TestNG.java:1017)
at org.testng.remote.AbstractRemoteTestNG.run(AbstractRemoteTestNG.java:115)
at org.testng.remote.RemoteTestNG.initAndRun(RemoteTestNG.java:251)
at org.testng.remote.RemoteTestNG.main(RemoteTestNG.java:77)
]]>
            </full-stacktrace>
          </exception> <!-- java.lang.AssertionError -->
          <reporter-output>
          </reporter-output>
        </test-method> <!-- mytestDelete -->
        <test-method status="PASS" signature="tearDown(org.testng.ITestResult)[pri:0, instance:com.aws.tests.HomeTest@1e88b3c]" name="tearDown" is-config="true" duration-ms="4516" started-at="2019-03-04T02:37:11Z" finished-at="2019-03-04T02:37:15Z">
          <params>
            <param index="0">
              <value>
                <![CDATA[[TestResult name=mytestDelete status=FAILURE method=HomeTest.mytestDelete()[pri:3, instance:com.aws.tests.HomeTest@1e88b3c] output={null}]]]>
              </value>
            </param>
          </params>
          <reporter-output>
          </reporter-output>
        </test-method> <!-- tearDown -->
        <test-method status="PASS" signature="tearDownTest()[pri:0, instance:com.aws.tests.HomeTest@1e88b3c]" name="tearDownTest" is-config="true" duration-ms="694" started-at="2019-03-04T02:37:15Z" finished-at="2019-03-04T02:37:16Z">
          <reporter-output>
          </reporter-output>
        </test-method> <!-- tearDownTest -->
      </class> <!-- com.aws.tests.HomeTest -->
    </test> <!-- Default test -->
  </suite> <!-- Default suite -->
</testng-results>
